<?xml version="1.0" encoding="UTF-8"?>
<!-- Generated by org.testng.reporters.JUnitReportReporter -->
<testsuite skipped="0" hostname="DESKTOP-5GI3OCP" name="selenium.Testing1" tests="4" failures="0" timestamp="27 Apr 2021 23:16:33 GMT" time="0.012" errors="0">
  <testcase name="test1" time="0.007" classname="selenium.Testing1"/>
  <testcase name="test2" time="0.002" classname="selenium.Testing1"/>
  <testcase name="test3" time="0.002" classname="selenium.Testing1"/>
  <testcase name="test4" time="0.001" classname="selenium.Testing1"/>
</testsuite> <!-- selenium.Testing1 -->
