<?xml version="1.0" encoding="UTF-8"?>
<!-- Generated by org.testng.reporters.JUnitReportReporter -->
<testsuite skipped="0" hostname="DESKTOP-5GI3OCP" name="selenium.ParameterizedTest" tests="3" failures="0" timestamp="27 Apr 2021 23:16:33 GMT" time="0.004" errors="0">
  <testcase name="createUser" time="0.001" classname="selenium.ParameterizedTest"/>
  <testcase name="createUser" time="0.001" classname="selenium.ParameterizedTest"/>
  <testcase name="createUser" time="0.002" classname="selenium.ParameterizedTest"/>
</testsuite> <!-- selenium.ParameterizedTest -->
